<?xml version="1.0" encoding="UTF-8"?>
<!-- Generated by org.testng.reporters.JUnitReportReporter -->
<testsuite skipped="0" hostname="DESKTOP-BGRVJ7U" name="com.testcases.LoginPageTest" tests="1" failures="0" timestamp="2020-03-01T22:42:02 IST" time="38.506" errors="0">
  <testcase name="detailsEnter" time="38.506" classname="com.testcases.LoginPageTest"/>
</testsuite> <!-- com.testcases.LoginPageTest -->
